  draw.cpp
D:\visual studio\XepHinh\XepHinh\draw.h(9,12): error C2039: 'string': is not a member of 'std'
C:\Program Files (x86)\Windows Kits\10\Include\10.0.18362.0\ucrt\stddef.h(19): message : see declaration of 'std'
D:\visual studio\XepHinh\XepHinh\draw.h(9,19): error C4430: missing type specifier - int assumed. Note: C++ does not support default-int
D:\visual studio\XepHinh\XepHinh\draw.h(9,19): error C2146: syntax error: missing ';' before identifier 'color'
D:\visual studio\XepHinh\XepHinh\draw.h(9,37): error C4430: missing type specifier - int assumed. Note: C++ does not support default-int
D:\visual studio\XepHinh\XepHinh\draw.h(9,115): error C2440: 'initializing': cannot convert from 'const char [11]' to 'int'
D:\visual studio\XepHinh\XepHinh\draw.h(9,38): message : There is no context in which this conversion is possible
D:\visual studio\XepHinh\XepHinh\draw.cpp(68,23): error C2146: syntax error: missing ')' before identifier 'text'
D:\visual studio\XepHinh\XepHinh\draw.cpp(69,1): error C2143: syntax error: missing ';' before '{'
D:\visual studio\XepHinh\XepHinh\draw.cpp(69,1): error C2447: '{': missing function header (old-style formal list?)
D:\visual studio\XepHinh\XepHinh\draw.cpp(85,12): error C2146: syntax error: missing ';' before identifier 'text'
D:\visual studio\XepHinh\XepHinh\draw.cpp(85,12): error C2065: 'text': undeclared identifier
D:\visual studio\XepHinh\XepHinh\draw.cpp(85,19): error C2064: term does not evaluate to a function taking 1 arguments
D:\visual studio\XepHinh\XepHinh\draw.cpp(86,15): error C2065: 'text': undeclared identifier
D:\visual studio\XepHinh\XepHinh\draw.cpp(86,5): error C3861: 'printText': identifier not found
D:\visual studio\XepHinh\XepHinh\draw.cpp(84,5): error C4996: 'itoa': The POSIX name for this item is deprecated. Instead, use the ISO C and C++ conformant name: _itoa. See online help for details.
  game.cpp
D:\visual studio\XepHinh\XepHinh\draw.h(9,12): error C2039: 'string': is not a member of 'std'
C:\Program Files (x86)\Windows Kits\10\Include\10.0.18362.0\ucrt\stddef.h(19): message : see declaration of 'std'
D:\visual studio\XepHinh\XepHinh\draw.h(9,19): error C4430: missing type specifier - int assumed. Note: C++ does not support default-int
D:\visual studio\XepHinh\XepHinh\draw.h(9,19): error C2146: syntax error: missing ';' before identifier 'color'
D:\visual studio\XepHinh\XepHinh\draw.h(9,37): error C4430: missing type specifier - int assumed. Note: C++ does not support default-int
D:\visual studio\XepHinh\XepHinh\draw.h(9,115): error C2440: 'initializing': cannot convert from 'const char [11]' to 'int'
D:\visual studio\XepHinh\XepHinh\draw.h(9,38): message : There is no context in which this conversion is possible
D:\visual studio\XepHinh\XepHinh\game.cpp(168,11): error C3861: 'time': identifier not found
  Generating Code...
